<?xml version="1.0" encoding="UTF-8"?>
<!-- Generated by org.testng.reporters.JUnitReportReporter -->
<testsuite hostname="DESKTOP-DPKSCV4" failures="0" tests="2" name="com.tests.LaunchAndLogin" time="29.700" errors="0" timestamp="2021-11-17T16:34:28 CST" skipped="0">
  <testcase classname="com.tests.LaunchAndLogin" name="launchTest" time="2.376"/>
  <system-out/>
  <testcase classname="com.tests.LaunchAndLogin" name="selectStore" time="27.324"/>
  <system-out/>
</testsuite> <!-- com.tests.LaunchAndLogin -->
